<?xml version="1.0" encoding="UTF-8"?>
<testsuite name="service.impl.TradeServiceTests" tests="1" skipped="0" failures="0" errors="0" timestamp="2023-01-16T16:51:22" hostname="DESKTOP-DTQF8LN" time="1.27">
  <properties/>
  <testcase name="tradeServiceTest()" classname="service.impl.TradeServiceTests" time="1.27"/>
  <system-out><![CDATA[18:51:23.014 [Test worker] DEBUG reactor.util.Loggers - Using Slf4j logging framework
18:51:24.021 [Test worker] WARN trade-service - .buffer(Duration.ofMillis(100)) onNext([])
18:51:24.027 [Test worker] WARN trade-service - .buffer(Duration.ofMillis(100)) onNext([Trade{id=1, timestamp=1, price=1.0, amount=1.0, currency='test', market='test'}, Trade{id=2, timestamp=1, price=1.0, amount=1.0, currency='test', market='test'}, Trade{id=3, timestamp=1, price=1.0, amount=1.0, currency='test', market='test'}, Trade{id=4, timestamp=1, price=1.0, amount=1.0, currency='test', market='test'}])
18:51:24.154 [Test worker] WARN trade-service - .buffer(Duration.ofMillis(100)) onNext([])
18:51:24.154 [Test worker] WARN trade-service - .buffer(Duration.ofMillis(100)) onNext([Trade{id=1, timestamp=1, price=1.0, amount=1.0, currency='test', market='test'}, Trade{id=2, timestamp=1, price=1.0, amount=1.0, currency='test', market='test'}, Trade{id=3, timestamp=1, price=1.0, amount=1.0, currency='test', market='test'}, Trade{id=4, timestamp=1, price=1.0, amount=1.0, currency='test', market='test'}])
18:51:24.156 [Test worker] WARN trade-service - .buffer(Duration.ofMillis(100)) onNext([])
18:51:24.161 [Test worker] WARN trade-service - .buffer(Duration.ofMillis(100)) onNext([])
18:51:24.166 [Test worker] WARN trade-service - .buffer(Duration.ofMillis(100)) onNext([Trade{id=5, timestamp=1, price=1.0, amount=1.0, currency='test', market='test'}, Trade{id=6, timestamp=1, price=1.0, amount=1.0, currency='test', market='test'}, Trade{id=7, timestamp=1, price=1.0, amount=1.0, currency='test', market='test'}, Trade{id=8, timestamp=1, price=1.0, amount=1.0, currency='test', market='test'}, Trade{id=9, timestamp=1, price=1.0, amount=1.0, currency='test', market='test'}, Trade{id=10, timestamp=1, price=1.0, amount=1.0, currency='test', market='test'}, Trade{id=11, timestamp=1, price=1.0, amount=1.0, currency='test', market='test'}, Trade{id=12, timestamp=1, price=1.0, amount=1.0, currency='test', market='test'}])
18:51:24.167 [Test worker] WARN trade-service - .buffer(Duration.ofMillis(100)) onNext([])
]]></system-out>
  <system-err><![CDATA[]]></system-err>
</testsuite>
